[2025-05-20T22:42:57.657+0000] {taskinstance.py:1956} INFO - Dependencies all met for dep_context=non-requeueable deps ti=<TaskInstance: crypto_elt_pipeline.run_dbt_models manual__2025-05-20T22:26:36.321260+00:00 [queued]>
[2025-05-20T22:42:57.661+0000] {taskinstance.py:1956} INFO - Dependencies all met for dep_context=requeueable deps ti=<TaskInstance: crypto_elt_pipeline.run_dbt_models manual__2025-05-20T22:26:36.321260+00:00 [queued]>
[2025-05-20T22:42:57.661+0000] {taskinstance.py:2170} INFO - Starting attempt 1 of 2
[2025-05-20T22:42:57.668+0000] {taskinstance.py:2191} INFO - Executing <Task(BashOperator): run_dbt_models> on 2025-05-20 22:26:36.321260+00:00
[2025-05-20T22:42:57.675+0000] {standard_task_runner.py:60} INFO - Started process 413 to run task
[2025-05-20T22:42:57.678+0000] {standard_task_runner.py:87} INFO - Running: ['***', 'tasks', 'run', 'crypto_elt_pipeline', 'run_dbt_models', 'manual__2025-05-20T22:26:36.321260+00:00', '--job-id', '16', '--raw', '--subdir', 'DAGS_FOLDER/elt_dag.py', '--cfg-path', '/tmp/tmpalysbdbo']
[2025-05-20T22:42:57.680+0000] {standard_task_runner.py:88} INFO - Job 16: Subtask run_dbt_models
[2025-05-20T22:42:57.691+0000] {logging_mixin.py:188} WARNING - /home/***/.local/lib/python3.9/site-packages/***/settings.py:194 DeprecationWarning: The sql_alchemy_conn option in [core] has been moved to the sql_alchemy_conn option in [database] - the old setting has been used, but please update your config.
[2025-05-20T22:42:57.710+0000] {task_command.py:423} INFO - Running <TaskInstance: crypto_elt_pipeline.run_dbt_models manual__2025-05-20T22:26:36.321260+00:00 [running]> on host b9c6fcf0006f
[2025-05-20T22:42:57.752+0000] {taskinstance.py:2480} INFO - Exporting env vars: AIRFLOW_CTX_DAG_OWNER='deepak' AIRFLOW_CTX_DAG_ID='crypto_elt_pipeline' AIRFLOW_CTX_TASK_ID='run_dbt_models' AIRFLOW_CTX_EXECUTION_DATE='2025-05-20T22:26:36.321260+00:00' AIRFLOW_CTX_TRY_NUMBER='1' AIRFLOW_CTX_DAG_RUN_ID='manual__2025-05-20T22:26:36.321260+00:00'
[2025-05-20T22:42:57.754+0000] {subprocess.py:63} INFO - Tmp dir root location: /tmp
[2025-05-20T22:42:57.756+0000] {subprocess.py:75} INFO - Running command: ['/usr/bin/bash', '-c', 'cd /opt/***/dbt_project && dbt run']
[2025-05-20T22:42:57.764+0000] {subprocess.py:86} INFO - Output:
[2025-05-20T22:42:59.410+0000] {subprocess.py:93} INFO - [0m22:42:59  Running with dbt=1.9.4
[2025-05-20T22:43:00.139+0000] {subprocess.py:93} INFO - [0m22:43:00  Registered adapter: snowflake=1.9.4
[2025-05-20T22:43:00.421+0000] {subprocess.py:93} INFO - [0m22:43:00  Found 5 models, 3 sources, 476 macros
[2025-05-20T22:43:00.423+0000] {subprocess.py:93} INFO - [0m22:43:00
[2025-05-20T22:43:00.423+0000] {subprocess.py:93} INFO - [0m22:43:00  Concurrency: 1 threads (target='dev')
[2025-05-20T22:43:00.424+0000] {subprocess.py:93} INFO - [0m22:43:00
[2025-05-20T22:43:01.512+0000] {subprocess.py:93} INFO - [0m22:43:01  1 of 5 START sql view model RAW.solana ......................................... [RUN]
[2025-05-20T22:43:01.790+0000] {subprocess.py:93} INFO - [0m22:43:01  1 of 5 OK created sql view model RAW.solana .................................... [[32mSUCCESS 1[0m in 0.27s]
[2025-05-20T22:43:01.792+0000] {subprocess.py:93} INFO - [0m22:43:01  2 of 5 START sql view model RAW.stg ............................................ [RUN]
[2025-05-20T22:43:02.001+0000] {subprocess.py:93} INFO - [0m22:43:02  2 of 5 OK created sql view model RAW.stg ....................................... [[32mSUCCESS 1[0m in 0.21s]
[2025-05-20T22:43:02.003+0000] {subprocess.py:93} INFO - [0m22:43:02  3 of 5 START sql view model RAW.stg_crypto_prices .............................. [RUN]
[2025-05-20T22:43:02.195+0000] {subprocess.py:93} INFO - [0m22:43:02  3 of 5 OK created sql view model RAW.stg_crypto_prices ......................... [[32mSUCCESS 1[0m in 0.19s]
[2025-05-20T22:43:02.201+0000] {subprocess.py:93} INFO - [0m22:43:02  4 of 5 START sql view model RAW.combined ....................................... [RUN]
[2025-05-20T22:43:02.476+0000] {subprocess.py:93} INFO - [0m22:43:02  4 of 5 OK created sql view model RAW.combined .................................. [[32mSUCCESS 1[0m in 0.27s]
[2025-05-20T22:43:02.481+0000] {subprocess.py:93} INFO - [0m22:43:02  5 of 5 START sql view model RAW.datamarts ...................................... [RUN]
[2025-05-20T22:43:03.056+0000] {subprocess.py:93} INFO - [0m22:43:03  5 of 5 OK created sql view model RAW.datamarts ................................. [[32mSUCCESS 1[0m in 0.57s]
[2025-05-20T22:43:03.166+0000] {subprocess.py:93} INFO - [0m22:43:03
[2025-05-20T22:43:03.168+0000] {subprocess.py:93} INFO - [0m22:43:03  Finished running 5 view models in 0 hours 0 minutes and 2.74 seconds (2.74s).
[2025-05-20T22:43:03.287+0000] {subprocess.py:93} INFO - [0m22:43:03
[2025-05-20T22:43:03.288+0000] {subprocess.py:93} INFO - [0m22:43:03  [32mCompleted successfully[0m
[2025-05-20T22:43:03.289+0000] {subprocess.py:93} INFO - [0m22:43:03
[2025-05-20T22:43:03.289+0000] {subprocess.py:93} INFO - [0m22:43:03  Done. PASS=5 WARN=0 ERROR=0 SKIP=0 TOTAL=5
[2025-05-20T22:43:03.768+0000] {subprocess.py:97} INFO - Command exited with return code 0
[2025-05-20T22:43:03.804+0000] {taskinstance.py:1138} INFO - Marking task as SUCCESS. dag_id=crypto_elt_pipeline, task_id=run_dbt_models, execution_date=20250520T222636, start_date=20250520T224257, end_date=20250520T224303
[2025-05-20T22:43:03.852+0000] {local_task_job_runner.py:234} INFO - Task exited with return code 0
[2025-05-20T22:43:03.866+0000] {taskinstance.py:3280} INFO - 0 downstream tasks scheduled from follow-on schedule check
