[2025-05-20T21:52:58.369+0000] {taskinstance.py:1956} INFO - Dependencies all met for dep_context=non-requeueable deps ti=<TaskInstance: crypto_elt_pipeline.load_to_snowflake manual__2025-05-20T21:52:38.000030+00:00 [queued]>
[2025-05-20T21:52:58.379+0000] {taskinstance.py:1956} INFO - Dependencies all met for dep_context=requeueable deps ti=<TaskInstance: crypto_elt_pipeline.load_to_snowflake manual__2025-05-20T21:52:38.000030+00:00 [queued]>
[2025-05-20T21:52:58.379+0000] {taskinstance.py:2170} INFO - Starting attempt 1 of 2
[2025-05-20T21:52:58.413+0000] {taskinstance.py:2191} INFO - Executing <Task(PythonOperator): load_to_snowflake> on 2025-05-20 21:52:38.000030+00:00
[2025-05-20T21:52:58.433+0000] {standard_task_runner.py:60} INFO - Started process 191 to run task
[2025-05-20T21:52:58.463+0000] {standard_task_runner.py:87} INFO - Running: ['***', 'tasks', 'run', 'crypto_elt_pipeline', 'load_to_snowflake', 'manual__2025-05-20T21:52:38.000030+00:00', '--job-id', '9', '--raw', '--subdir', 'DAGS_FOLDER/elt_dag.py', '--cfg-path', '/tmp/tmp2we8ihzp']
[2025-05-20T21:52:58.513+0000] {standard_task_runner.py:88} INFO - Job 9: Subtask load_to_snowflake
[2025-05-20T21:52:58.704+0000] {logging_mixin.py:188} WARNING - /home/***/.local/lib/python3.9/site-packages/***/settings.py:194 DeprecationWarning: The sql_alchemy_conn option in [core] has been moved to the sql_alchemy_conn option in [database] - the old setting has been used, but please update your config.
[2025-05-20T21:52:58.816+0000] {task_command.py:423} INFO - Running <TaskInstance: crypto_elt_pipeline.load_to_snowflake manual__2025-05-20T21:52:38.000030+00:00 [running]> on host e1b5924133d4
[2025-05-20T21:52:58.867+0000] {taskinstance.py:2480} INFO - Exporting env vars: AIRFLOW_CTX_DAG_OWNER='deepak' AIRFLOW_CTX_DAG_ID='crypto_elt_pipeline' AIRFLOW_CTX_TASK_ID='load_to_snowflake' AIRFLOW_CTX_EXECUTION_DATE='2025-05-20T21:52:38.000030+00:00' AIRFLOW_CTX_TRY_NUMBER='1' AIRFLOW_CTX_DAG_RUN_ID='manual__2025-05-20T21:52:38.000030+00:00'
[2025-05-20T21:52:58.868+0000] {logging_mixin.py:188} INFO - [INFO] Starting load to Snowflake...
[2025-05-20T21:52:58.869+0000] {logging_mixin.py:188} INFO - [INFO] Loading /opt/***/data/raw/ethereum_metadata.csv to table: ETHEREUM_METADATA
[2025-05-20T21:52:58.869+0000] {connection.py:486} INFO - Snowflake Connector for Python Version: 3.15.0, Python Version: 3.9.18, Platform: Linux-6.10.14-linuxkit-aarch64-with-glibc2.36
[2025-05-20T21:52:58.871+0000] {connection.py:1391} INFO - Connecting to GLOBAL Snowflake domain
[2025-05-20T21:53:00.501+0000] {logging_mixin.py:188} INFO - [INFO] Created table: ETHEREUM_METADATA
[2025-05-20T21:53:01.244+0000] {logging_mixin.py:188} INFO - [SUCCESS] Loaded 1 rows into ETHEREUM_METADATA
[2025-05-20T21:53:01.405+0000] {logging_mixin.py:188} INFO - [INFO] Loading /opt/***/data/raw/bitcoin_metadata.csv to table: BITCOIN_METADATA
[2025-05-20T21:53:01.406+0000] {connection.py:486} INFO - Snowflake Connector for Python Version: 3.15.0, Python Version: 3.9.18, Platform: Linux-6.10.14-linuxkit-aarch64-with-glibc2.36
[2025-05-20T21:53:01.406+0000] {connection.py:1391} INFO - Connecting to GLOBAL Snowflake domain
[2025-05-20T21:53:01.992+0000] {logging_mixin.py:188} INFO - [INFO] Created table: BITCOIN_METADATA
[2025-05-20T21:53:02.571+0000] {logging_mixin.py:188} INFO - [SUCCESS] Loaded 1 rows into BITCOIN_METADATA
[2025-05-20T21:53:02.682+0000] {logging_mixin.py:188} INFO - [INFO] Loading /opt/***/data/raw/ethereum_market_chart.csv to table: ETHEREUM_MARKET_CHART
[2025-05-20T21:53:02.684+0000] {connection.py:486} INFO - Snowflake Connector for Python Version: 3.15.0, Python Version: 3.9.18, Platform: Linux-6.10.14-linuxkit-aarch64-with-glibc2.36
[2025-05-20T21:53:02.685+0000] {connection.py:1391} INFO - Connecting to GLOBAL Snowflake domain
[2025-05-20T21:53:03.129+0000] {logging_mixin.py:188} INFO - [INFO] Created table: ETHEREUM_MARKET_CHART
[2025-05-20T21:58:17.458+0000] {logging_mixin.py:188} INFO - [SUCCESS] Loaded 720 rows into ETHEREUM_MARKET_CHART
[2025-05-20T21:58:17.579+0000] {logging_mixin.py:188} INFO - [INFO] Loading /opt/***/data/raw/solana_market_chart.csv to table: SOLANA_MARKET_CHART
[2025-05-20T21:58:17.583+0000] {connection.py:486} INFO - Snowflake Connector for Python Version: 3.15.0, Python Version: 3.9.18, Platform: Linux-6.10.14-linuxkit-aarch64-with-glibc2.36
[2025-05-20T21:58:17.590+0000] {connection.py:1391} INFO - Connecting to GLOBAL Snowflake domain
[2025-05-20T21:58:18.393+0000] {logging_mixin.py:188} INFO - [INFO] Created table: SOLANA_MARKET_CHART
[2025-05-20T22:06:16.798+0000] {logging_mixin.py:188} INFO - [SUCCESS] Loaded 720 rows into SOLANA_MARKET_CHART
[2025-05-20T22:06:16.941+0000] {logging_mixin.py:188} INFO - [INFO] Loading /opt/***/data/raw/solana_metadata.csv to table: SOLANA_METADATA
[2025-05-20T22:06:16.945+0000] {connection.py:486} INFO - Snowflake Connector for Python Version: 3.15.0, Python Version: 3.9.18, Platform: Linux-6.10.14-linuxkit-aarch64-with-glibc2.36
[2025-05-20T22:06:16.951+0000] {connection.py:1391} INFO - Connecting to GLOBAL Snowflake domain
[2025-05-20T22:06:17.955+0000] {logging_mixin.py:188} INFO - [INFO] Created table: SOLANA_METADATA
[2025-05-20T22:06:18.535+0000] {logging_mixin.py:188} INFO - [SUCCESS] Loaded 1 rows into SOLANA_METADATA
[2025-05-20T22:06:18.644+0000] {logging_mixin.py:188} INFO - [INFO] Loading /opt/***/data/raw/bitcoin_market_chart.csv to table: BITCOIN_MARKET_CHART
[2025-05-20T22:06:18.647+0000] {connection.py:486} INFO - Snowflake Connector for Python Version: 3.15.0, Python Version: 3.9.18, Platform: Linux-6.10.14-linuxkit-aarch64-with-glibc2.36
[2025-05-20T22:06:18.648+0000] {connection.py:1391} INFO - Connecting to GLOBAL Snowflake domain
[2025-05-20T22:06:19.220+0000] {logging_mixin.py:188} INFO - [INFO] Created table: BITCOIN_MARKET_CHART
[2025-05-20T22:11:46.838+0000] {logging_mixin.py:188} INFO - [SUCCESS] Loaded 720 rows into BITCOIN_MARKET_CHART
[2025-05-20T22:11:46.957+0000] {logging_mixin.py:188} INFO - [INFO] Data loading completed.
[2025-05-20T22:11:46.961+0000] {python.py:201} INFO - Done. Returned value was: None
[2025-05-20T22:11:47.059+0000] {taskinstance.py:1138} INFO - Marking task as SUCCESS. dag_id=crypto_elt_pipeline, task_id=load_to_snowflake, execution_date=20250520T215238, start_date=20250520T215258, end_date=20250520T221147
[2025-05-20T22:11:47.132+0000] {local_task_job_runner.py:234} INFO - Task exited with return code 0
[2025-05-20T22:11:47.195+0000] {taskinstance.py:3280} INFO - 1 downstream tasks scheduled from follow-on schedule check
