[2025-05-20T15:46:28.540+0000] {taskinstance.py:1956} INFO - Dependencies all met for dep_context=non-requeueable deps ti=<TaskInstance: crypto_elt_pipeline.extract_crypto_data manual__2025-05-20T15:46:26.526622+00:00 [queued]>
[2025-05-20T15:46:28.545+0000] {taskinstance.py:1956} INFO - Dependencies all met for dep_context=requeueable deps ti=<TaskInstance: crypto_elt_pipeline.extract_crypto_data manual__2025-05-20T15:46:26.526622+00:00 [queued]>
[2025-05-20T15:46:28.545+0000] {taskinstance.py:2170} INFO - Starting attempt 1 of 2
[2025-05-20T15:46:28.553+0000] {taskinstance.py:2191} INFO - Executing <Task(PythonOperator): extract_crypto_data> on 2025-05-20 15:46:26.526622+00:00
[2025-05-20T15:46:28.562+0000] {standard_task_runner.py:60} INFO - Started process 181 to run task
[2025-05-20T15:46:28.565+0000] {standard_task_runner.py:87} INFO - Running: ['***', 'tasks', 'run', 'crypto_elt_pipeline', 'extract_crypto_data', 'manual__2025-05-20T15:46:26.526622+00:00', '--job-id', '20', '--raw', '--subdir', 'DAGS_FOLDER/elt_dag.py', '--cfg-path', '/tmp/tmp1ihz3lbh']
[2025-05-20T15:46:28.572+0000] {standard_task_runner.py:88} INFO - Job 20: Subtask extract_crypto_data
[2025-05-20T15:46:28.595+0000] {logging_mixin.py:188} WARNING - /home/***/.local/lib/python3.9/site-packages/***/settings.py:194 DeprecationWarning: The sql_alchemy_conn option in [core] has been moved to the sql_alchemy_conn option in [database] - the old setting has been used, but please update your config.
[2025-05-20T15:46:28.627+0000] {task_command.py:423} INFO - Running <TaskInstance: crypto_elt_pipeline.extract_crypto_data manual__2025-05-20T15:46:26.526622+00:00 [running]> on host cbca174bc4f1
[2025-05-20T15:46:28.687+0000] {taskinstance.py:2480} INFO - Exporting env vars: AIRFLOW_CTX_DAG_OWNER='deepak' AIRFLOW_CTX_DAG_ID='crypto_elt_pipeline' AIRFLOW_CTX_TASK_ID='extract_crypto_data' AIRFLOW_CTX_EXECUTION_DATE='2025-05-20T15:46:26.526622+00:00' AIRFLOW_CTX_TRY_NUMBER='1' AIRFLOW_CTX_DAG_RUN_ID='manual__2025-05-20T15:46:26.526622+00:00'
[2025-05-20T15:46:28.688+0000] {logging_mixin.py:188} INFO - [INFO] Starting complex CoinGecko extraction...
[2025-05-20T15:46:28.913+0000] {logging_mixin.py:188} INFO - [SUCCESS] Saved historical data for: bitcoin
[2025-05-20T15:46:31.104+0000] {logging_mixin.py:188} INFO - [SUCCESS] Saved metadata for: bitcoin
[2025-05-20T15:46:33.343+0000] {logging_mixin.py:188} INFO - [SUCCESS] Saved historical data for: ethereum
[2025-05-20T15:46:35.482+0000] {logging_mixin.py:188} INFO - [SUCCESS] Saved metadata for: ethereum
[2025-05-20T15:46:37.708+0000] {logging_mixin.py:188} INFO - [SUCCESS] Saved historical data for: solana
[2025-05-20T15:46:39.786+0000] {logging_mixin.py:188} INFO - [SUCCESS] Saved metadata for: solana
[2025-05-20T15:46:41.882+0000] {logging_mixin.py:188} INFO - [ERROR] 'prices' key not found in response for ripple
[2025-05-20T15:46:41.887+0000] {logging_mixin.py:188} INFO - {
  "status": {
    "error_code": 429,
    "error_message": "You've exceeded the Rate Limit. Please visit https://www.coingecko.com/en/api/pricing to subscribe to our API plans for higher rate limits."
  }
}
[2025-05-20T15:46:41.887+0000] {logging_mixin.py:188} INFO - [WARNING] Skipping ripple due to error: "[ERROR] API response missing 'prices' for ripple"
[2025-05-20T15:46:41.965+0000] {logging_mixin.py:188} INFO - [ERROR] 'prices' key not found in response for cardano
[2025-05-20T15:46:41.965+0000] {logging_mixin.py:188} INFO - {
  "status": {
    "error_code": 429,
    "error_message": "You've exceeded the Rate Limit. Please visit https://www.coingecko.com/en/api/pricing to subscribe to our API plans for higher rate limits."
  }
}
[2025-05-20T15:46:41.965+0000] {logging_mixin.py:188} INFO - [WARNING] Skipping cardano due to error: "[ERROR] API response missing 'prices' for cardano"
[2025-05-20T15:46:42.026+0000] {logging_mixin.py:188} INFO - [ERROR] Global stats 'data' key missing. Full response:
[2025-05-20T15:46:42.026+0000] {logging_mixin.py:188} INFO - {
  "status": {
    "error_code": 429,
    "error_message": "You've exceeded the Rate Limit. Please visit https://www.coingecko.com/en/api/pricing to subscribe to our API plans for higher rate limits."
  }
}
[2025-05-20T15:46:42.027+0000] {logging_mixin.py:188} INFO - [INFO] CoinGecko extraction completed.
[2025-05-20T15:46:42.028+0000] {python.py:201} INFO - Done. Returned value was: None
[2025-05-20T15:46:42.045+0000] {taskinstance.py:1138} INFO - Marking task as SUCCESS. dag_id=crypto_elt_pipeline, task_id=extract_crypto_data, execution_date=20250520T154626, start_date=20250520T154628, end_date=20250520T154642
[2025-05-20T15:46:42.101+0000] {local_task_job_runner.py:234} INFO - Task exited with return code 0
[2025-05-20T15:46:42.133+0000] {taskinstance.py:3280} INFO - 1 downstream tasks scheduled from follow-on schedule check
