[2025-05-20T21:31:21.218+0000] {taskinstance.py:1956} INFO - Dependencies all met for dep_context=non-requeueable deps ti=<TaskInstance: crypto_elt_pipeline.load_to_snowflake scheduled__2025-05-19T00:00:00+00:00 [queued]>
[2025-05-20T21:31:21.222+0000] {taskinstance.py:1956} INFO - Dependencies all met for dep_context=requeueable deps ti=<TaskInstance: crypto_elt_pipeline.load_to_snowflake scheduled__2025-05-19T00:00:00+00:00 [queued]>
[2025-05-20T21:31:21.222+0000] {taskinstance.py:2170} INFO - Starting attempt 1 of 2
[2025-05-20T21:31:21.228+0000] {taskinstance.py:2191} INFO - Executing <Task(PythonOperator): load_to_snowflake> on 2025-05-19 00:00:00+00:00
[2025-05-20T21:31:21.232+0000] {standard_task_runner.py:60} INFO - Started process 177 to run task
[2025-05-20T21:31:21.235+0000] {standard_task_runner.py:87} INFO - Running: ['***', 'tasks', 'run', 'crypto_elt_pipeline', 'load_to_snowflake', 'scheduled__2025-05-19T00:00:00+00:00', '--job-id', '3', '--raw', '--subdir', 'DAGS_FOLDER/elt_dag.py', '--cfg-path', '/tmp/tmpl6ft02du']
[2025-05-20T21:31:21.236+0000] {standard_task_runner.py:88} INFO - Job 3: Subtask load_to_snowflake
[2025-05-20T21:31:21.244+0000] {logging_mixin.py:188} WARNING - /home/***/.local/lib/python3.9/site-packages/***/settings.py:194 DeprecationWarning: The sql_alchemy_conn option in [core] has been moved to the sql_alchemy_conn option in [database] - the old setting has been used, but please update your config.
[2025-05-20T21:31:21.265+0000] {task_command.py:423} INFO - Running <TaskInstance: crypto_elt_pipeline.load_to_snowflake scheduled__2025-05-19T00:00:00+00:00 [running]> on host eb07b9207670
[2025-05-20T21:31:21.297+0000] {taskinstance.py:2480} INFO - Exporting env vars: AIRFLOW_CTX_DAG_OWNER='deepak' AIRFLOW_CTX_DAG_ID='crypto_elt_pipeline' AIRFLOW_CTX_TASK_ID='load_to_snowflake' AIRFLOW_CTX_EXECUTION_DATE='2025-05-19T00:00:00+00:00' AIRFLOW_CTX_TRY_NUMBER='1' AIRFLOW_CTX_DAG_RUN_ID='scheduled__2025-05-19T00:00:00+00:00'
[2025-05-20T21:31:21.297+0000] {logging_mixin.py:188} INFO - [INFO] Starting load to Snowflake...
[2025-05-20T21:31:21.298+0000] {logging_mixin.py:188} INFO - [INFO] Loading /opt/***/data/raw/ethereum_metadata.csv to table: ETHEREUM_METADATA
[2025-05-20T21:31:21.298+0000] {connection.py:486} INFO - Snowflake Connector for Python Version: 3.15.0, Python Version: 3.9.18, Platform: Linux-6.10.14-linuxkit-aarch64-with-glibc2.36
[2025-05-20T21:31:21.299+0000] {connection.py:1391} INFO - Connecting to GLOBAL Snowflake domain
[2025-05-20T21:31:22.910+0000] {logging_mixin.py:188} INFO - [INFO] Created table: ETHEREUM_METADATA
[2025-05-20T21:31:23.847+0000] {logging_mixin.py:188} INFO - [SUCCESS] Loaded 1 rows into ETHEREUM_METADATA
[2025-05-20T21:31:23.960+0000] {logging_mixin.py:188} INFO - [INFO] Loading /opt/***/data/raw/bitcoin_metadata.csv to table: BITCOIN_METADATA
[2025-05-20T21:31:23.962+0000] {connection.py:486} INFO - Snowflake Connector for Python Version: 3.15.0, Python Version: 3.9.18, Platform: Linux-6.10.14-linuxkit-aarch64-with-glibc2.36
[2025-05-20T21:31:23.964+0000] {connection.py:1391} INFO - Connecting to GLOBAL Snowflake domain
[2025-05-20T21:31:24.614+0000] {logging_mixin.py:188} INFO - [INFO] Created table: BITCOIN_METADATA
[2025-05-20T21:31:25.169+0000] {logging_mixin.py:188} INFO - [SUCCESS] Loaded 1 rows into BITCOIN_METADATA
[2025-05-20T21:31:25.288+0000] {logging_mixin.py:188} INFO - [INFO] Loading /opt/***/data/raw/ethereum_market_chart.csv to table: ETHEREUM_MARKET_CHART
[2025-05-20T21:31:25.290+0000] {connection.py:486} INFO - Snowflake Connector for Python Version: 3.15.0, Python Version: 3.9.18, Platform: Linux-6.10.14-linuxkit-aarch64-with-glibc2.36
[2025-05-20T21:31:25.292+0000] {connection.py:1391} INFO - Connecting to GLOBAL Snowflake domain
[2025-05-20T21:31:25.670+0000] {logging_mixin.py:188} INFO - [INFO] Created table: ETHEREUM_MARKET_CHART
[2025-05-20T21:36:48.444+0000] {logging_mixin.py:188} INFO - [SUCCESS] Loaded 721 rows into ETHEREUM_MARKET_CHART
[2025-05-20T21:36:48.572+0000] {logging_mixin.py:188} INFO - [INFO] Loading /opt/***/data/raw/solana_market_chart.csv to table: SOLANA_MARKET_CHART
[2025-05-20T21:36:48.575+0000] {connection.py:486} INFO - Snowflake Connector for Python Version: 3.15.0, Python Version: 3.9.18, Platform: Linux-6.10.14-linuxkit-aarch64-with-glibc2.36
[2025-05-20T21:36:48.578+0000] {connection.py:1391} INFO - Connecting to GLOBAL Snowflake domain
[2025-05-20T21:36:49.378+0000] {logging_mixin.py:188} INFO - [INFO] Created table: SOLANA_MARKET_CHART
[2025-05-20T21:42:08.549+0000] {logging_mixin.py:188} INFO - [SUCCESS] Loaded 720 rows into SOLANA_MARKET_CHART
[2025-05-20T21:42:08.674+0000] {logging_mixin.py:188} INFO - [INFO] Loading /opt/***/data/raw/solana_metadata.csv to table: SOLANA_METADATA
[2025-05-20T21:42:08.677+0000] {connection.py:486} INFO - Snowflake Connector for Python Version: 3.15.0, Python Version: 3.9.18, Platform: Linux-6.10.14-linuxkit-aarch64-with-glibc2.36
[2025-05-20T21:42:08.679+0000] {connection.py:1391} INFO - Connecting to GLOBAL Snowflake domain
[2025-05-20T21:42:09.459+0000] {logging_mixin.py:188} INFO - [INFO] Created table: SOLANA_METADATA
[2025-05-20T21:42:09.878+0000] {logging_mixin.py:188} INFO - [SUCCESS] Loaded 1 rows into SOLANA_METADATA
[2025-05-20T21:42:09.987+0000] {logging_mixin.py:188} INFO - [INFO] Loading /opt/***/data/raw/bitcoin_market_chart.csv to table: BITCOIN_MARKET_CHART
[2025-05-20T21:42:09.989+0000] {connection.py:486} INFO - Snowflake Connector for Python Version: 3.15.0, Python Version: 3.9.18, Platform: Linux-6.10.14-linuxkit-aarch64-with-glibc2.36
[2025-05-20T21:42:09.990+0000] {connection.py:1391} INFO - Connecting to GLOBAL Snowflake domain
[2025-05-20T21:42:10.378+0000] {logging_mixin.py:188} INFO - [INFO] Created table: BITCOIN_MARKET_CHART
[2025-05-20T21:47:27.290+0000] {logging_mixin.py:188} INFO - [SUCCESS] Loaded 720 rows into BITCOIN_MARKET_CHART
[2025-05-20T21:47:27.424+0000] {logging_mixin.py:188} INFO - [INFO] Data loading completed.
[2025-05-20T21:47:27.428+0000] {python.py:201} INFO - Done. Returned value was: None
[2025-05-20T21:47:27.554+0000] {taskinstance.py:1138} INFO - Marking task as SUCCESS. dag_id=crypto_elt_pipeline, task_id=load_to_snowflake, execution_date=20250519T000000, start_date=20250520T213121, end_date=20250520T214727
[2025-05-20T21:47:27.667+0000] {local_task_job_runner.py:234} INFO - Task exited with return code 0
[2025-05-20T21:47:27.754+0000] {taskinstance.py:3280} INFO - 1 downstream tasks scheduled from follow-on schedule check
