[2025-05-20T22:26:52.455+0000] {taskinstance.py:1956} INFO - Dependencies all met for dep_context=non-requeueable deps ti=<TaskInstance: crypto_elt_pipeline.load_to_snowflake manual__2025-05-20T22:26:36.321260+00:00 [queued]>
[2025-05-20T22:26:52.458+0000] {taskinstance.py:1956} INFO - Dependencies all met for dep_context=requeueable deps ti=<TaskInstance: crypto_elt_pipeline.load_to_snowflake manual__2025-05-20T22:26:36.321260+00:00 [queued]>
[2025-05-20T22:26:52.458+0000] {taskinstance.py:2170} INFO - Starting attempt 1 of 2
[2025-05-20T22:26:52.463+0000] {taskinstance.py:2191} INFO - Executing <Task(PythonOperator): load_to_snowflake> on 2025-05-20 22:26:36.321260+00:00
[2025-05-20T22:26:52.466+0000] {standard_task_runner.py:60} INFO - Started process 192 to run task
[2025-05-20T22:26:52.468+0000] {standard_task_runner.py:87} INFO - Running: ['***', 'tasks', 'run', 'crypto_elt_pipeline', 'load_to_snowflake', 'manual__2025-05-20T22:26:36.321260+00:00', '--job-id', '15', '--raw', '--subdir', 'DAGS_FOLDER/elt_dag.py', '--cfg-path', '/tmp/tmptsyb98np']
[2025-05-20T22:26:52.470+0000] {standard_task_runner.py:88} INFO - Job 15: Subtask load_to_snowflake
[2025-05-20T22:26:52.477+0000] {logging_mixin.py:188} WARNING - /home/***/.local/lib/python3.9/site-packages/***/settings.py:194 DeprecationWarning: The sql_alchemy_conn option in [core] has been moved to the sql_alchemy_conn option in [database] - the old setting has been used, but please update your config.
[2025-05-20T22:26:52.492+0000] {task_command.py:423} INFO - Running <TaskInstance: crypto_elt_pipeline.load_to_snowflake manual__2025-05-20T22:26:36.321260+00:00 [running]> on host b9c6fcf0006f
[2025-05-20T22:26:52.526+0000] {taskinstance.py:2480} INFO - Exporting env vars: AIRFLOW_CTX_DAG_OWNER='deepak' AIRFLOW_CTX_DAG_ID='crypto_elt_pipeline' AIRFLOW_CTX_TASK_ID='load_to_snowflake' AIRFLOW_CTX_EXECUTION_DATE='2025-05-20T22:26:36.321260+00:00' AIRFLOW_CTX_TRY_NUMBER='1' AIRFLOW_CTX_DAG_RUN_ID='manual__2025-05-20T22:26:36.321260+00:00'
[2025-05-20T22:26:52.527+0000] {logging_mixin.py:188} INFO - [INFO] Starting load to Snowflake...
[2025-05-20T22:26:52.527+0000] {logging_mixin.py:188} INFO - [INFO] Loading /opt/***/data/raw/ethereum_metadata.csv to table: ETHEREUM_METADATA
[2025-05-20T22:26:52.527+0000] {connection.py:486} INFO - Snowflake Connector for Python Version: 3.15.0, Python Version: 3.9.18, Platform: Linux-6.10.14-linuxkit-aarch64-with-glibc2.36
[2025-05-20T22:26:52.528+0000] {connection.py:1391} INFO - Connecting to GLOBAL Snowflake domain
[2025-05-20T22:26:53.909+0000] {logging_mixin.py:188} INFO - [INFO] Created table: ETHEREUM_METADATA
[2025-05-20T22:26:54.599+0000] {logging_mixin.py:188} INFO - [SUCCESS] Loaded 1 rows into ETHEREUM_METADATA
[2025-05-20T22:26:54.716+0000] {logging_mixin.py:188} INFO - [INFO] Loading /opt/***/data/raw/bitcoin_metadata.csv to table: BITCOIN_METADATA
[2025-05-20T22:26:54.719+0000] {connection.py:486} INFO - Snowflake Connector for Python Version: 3.15.0, Python Version: 3.9.18, Platform: Linux-6.10.14-linuxkit-aarch64-with-glibc2.36
[2025-05-20T22:26:54.720+0000] {connection.py:1391} INFO - Connecting to GLOBAL Snowflake domain
[2025-05-20T22:26:55.134+0000] {logging_mixin.py:188} INFO - [INFO] Created table: BITCOIN_METADATA
[2025-05-20T22:26:55.766+0000] {logging_mixin.py:188} INFO - [SUCCESS] Loaded 1 rows into BITCOIN_METADATA
[2025-05-20T22:26:55.874+0000] {logging_mixin.py:188} INFO - [INFO] Loading /opt/***/data/raw/ethereum_market_chart.csv to table: ETHEREUM_MARKET_CHART
[2025-05-20T22:26:55.875+0000] {connection.py:486} INFO - Snowflake Connector for Python Version: 3.15.0, Python Version: 3.9.18, Platform: Linux-6.10.14-linuxkit-aarch64-with-glibc2.36
[2025-05-20T22:26:55.876+0000] {connection.py:1391} INFO - Connecting to GLOBAL Snowflake domain
[2025-05-20T22:26:56.445+0000] {logging_mixin.py:188} INFO - [INFO] Created table: ETHEREUM_MARKET_CHART
[2025-05-20T22:32:16.589+0000] {logging_mixin.py:188} INFO - [SUCCESS] Loaded 720 rows into ETHEREUM_MARKET_CHART
[2025-05-20T22:32:16.703+0000] {logging_mixin.py:188} INFO - [INFO] Loading /opt/***/data/raw/solana_market_chart.csv to table: SOLANA_MARKET_CHART
[2025-05-20T22:32:16.706+0000] {connection.py:486} INFO - Snowflake Connector for Python Version: 3.15.0, Python Version: 3.9.18, Platform: Linux-6.10.14-linuxkit-aarch64-with-glibc2.36
[2025-05-20T22:32:16.708+0000] {connection.py:1391} INFO - Connecting to GLOBAL Snowflake domain
[2025-05-20T22:32:17.466+0000] {logging_mixin.py:188} INFO - [INFO] Created table: SOLANA_MARKET_CHART
[2025-05-20T22:37:40.182+0000] {logging_mixin.py:188} INFO - [SUCCESS] Loaded 719 rows into SOLANA_MARKET_CHART
[2025-05-20T22:37:40.295+0000] {logging_mixin.py:188} INFO - [INFO] Loading /opt/***/data/raw/solana_metadata.csv to table: SOLANA_METADATA
[2025-05-20T22:37:40.299+0000] {connection.py:486} INFO - Snowflake Connector for Python Version: 3.15.0, Python Version: 3.9.18, Platform: Linux-6.10.14-linuxkit-aarch64-with-glibc2.36
[2025-05-20T22:37:40.302+0000] {connection.py:1391} INFO - Connecting to GLOBAL Snowflake domain
[2025-05-20T22:37:41.083+0000] {logging_mixin.py:188} INFO - [INFO] Created table: SOLANA_METADATA
[2025-05-20T22:37:41.606+0000] {logging_mixin.py:188} INFO - [SUCCESS] Loaded 1 rows into SOLANA_METADATA
[2025-05-20T22:37:41.704+0000] {logging_mixin.py:188} INFO - [INFO] Loading /opt/***/data/raw/bitcoin_market_chart.csv to table: BITCOIN_MARKET_CHART
[2025-05-20T22:37:41.705+0000] {connection.py:486} INFO - Snowflake Connector for Python Version: 3.15.0, Python Version: 3.9.18, Platform: Linux-6.10.14-linuxkit-aarch64-with-glibc2.36
[2025-05-20T22:37:41.706+0000] {connection.py:1391} INFO - Connecting to GLOBAL Snowflake domain
[2025-05-20T22:37:42.296+0000] {logging_mixin.py:188} INFO - [INFO] Created table: BITCOIN_MARKET_CHART
[2025-05-20T22:42:56.599+0000] {logging_mixin.py:188} INFO - [SUCCESS] Loaded 720 rows into BITCOIN_MARKET_CHART
[2025-05-20T22:42:56.721+0000] {logging_mixin.py:188} INFO - [INFO] Data loading completed.
[2025-05-20T22:42:56.726+0000] {python.py:201} INFO - Done. Returned value was: None
[2025-05-20T22:42:56.803+0000] {taskinstance.py:1138} INFO - Marking task as SUCCESS. dag_id=crypto_elt_pipeline, task_id=load_to_snowflake, execution_date=20250520T222636, start_date=20250520T222652, end_date=20250520T224256
[2025-05-20T22:42:56.863+0000] {local_task_job_runner.py:234} INFO - Task exited with return code 0
[2025-05-20T22:42:56.912+0000] {taskinstance.py:3280} INFO - 0 downstream tasks scheduled from follow-on schedule check
