[2025-05-21T00:00:18.057+0000] {taskinstance.py:1956} INFO - Dependencies all met for dep_context=non-requeueable deps ti=<TaskInstance: crypto_elt_pipeline.load_to_snowflake scheduled__2025-05-20T00:00:00+00:00 [queued]>
[2025-05-21T00:00:18.065+0000] {taskinstance.py:1956} INFO - Dependencies all met for dep_context=requeueable deps ti=<TaskInstance: crypto_elt_pipeline.load_to_snowflake scheduled__2025-05-20T00:00:00+00:00 [queued]>
[2025-05-21T00:00:18.065+0000] {taskinstance.py:2170} INFO - Starting attempt 1 of 2
[2025-05-21T00:00:18.071+0000] {taskinstance.py:2191} INFO - Executing <Task(PythonOperator): load_to_snowflake> on 2025-05-20 00:00:00+00:00
[2025-05-21T00:00:18.075+0000] {standard_task_runner.py:60} INFO - Started process 1488 to run task
[2025-05-21T00:00:18.077+0000] {standard_task_runner.py:87} INFO - Running: ['***', 'tasks', 'run', 'crypto_elt_pipeline', 'load_to_snowflake', 'scheduled__2025-05-20T00:00:00+00:00', '--job-id', '18', '--raw', '--subdir', 'DAGS_FOLDER/elt_dag.py', '--cfg-path', '/tmp/tmp49urssxk']
[2025-05-21T00:00:18.091+0000] {standard_task_runner.py:88} INFO - Job 18: Subtask load_to_snowflake
[2025-05-21T00:00:18.107+0000] {logging_mixin.py:188} WARNING - /home/***/.local/lib/python3.9/site-packages/***/settings.py:194 DeprecationWarning: The sql_alchemy_conn option in [core] has been moved to the sql_alchemy_conn option in [database] - the old setting has been used, but please update your config.
[2025-05-21T00:00:18.145+0000] {task_command.py:423} INFO - Running <TaskInstance: crypto_elt_pipeline.load_to_snowflake scheduled__2025-05-20T00:00:00+00:00 [running]> on host b9c6fcf0006f
[2025-05-21T00:00:18.181+0000] {taskinstance.py:2480} INFO - Exporting env vars: AIRFLOW_CTX_DAG_OWNER='deepak' AIRFLOW_CTX_DAG_ID='crypto_elt_pipeline' AIRFLOW_CTX_TASK_ID='load_to_snowflake' AIRFLOW_CTX_EXECUTION_DATE='2025-05-20T00:00:00+00:00' AIRFLOW_CTX_TRY_NUMBER='1' AIRFLOW_CTX_DAG_RUN_ID='scheduled__2025-05-20T00:00:00+00:00'
[2025-05-21T00:00:18.182+0000] {logging_mixin.py:188} INFO - [INFO] Starting load to Snowflake...
[2025-05-21T00:00:18.182+0000] {logging_mixin.py:188} INFO - [INFO] Loading /opt/***/data/raw/ethereum_metadata.csv to table: ETHEREUM_METADATA
[2025-05-21T00:00:18.182+0000] {connection.py:486} INFO - Snowflake Connector for Python Version: 3.15.0, Python Version: 3.9.18, Platform: Linux-6.10.14-linuxkit-aarch64-with-glibc2.36
[2025-05-21T00:00:18.183+0000] {connection.py:1391} INFO - Connecting to GLOBAL Snowflake domain
[2025-05-21T00:00:20.791+0000] {logging_mixin.py:188} INFO - [INFO] Created table: ETHEREUM_METADATA
[2025-05-21T00:00:51.850+0000] {logging_mixin.py:188} INFO - [SUCCESS] Loaded 1 rows into ETHEREUM_METADATA
[2025-05-21T00:00:52.059+0000] {logging_mixin.py:188} INFO - [INFO] Loading /opt/***/data/raw/bitcoin_metadata.csv to table: BITCOIN_METADATA
[2025-05-21T00:00:52.060+0000] {connection.py:486} INFO - Snowflake Connector for Python Version: 3.15.0, Python Version: 3.9.18, Platform: Linux-6.10.14-linuxkit-aarch64-with-glibc2.36
[2025-05-21T00:00:52.063+0000] {connection.py:1391} INFO - Connecting to GLOBAL Snowflake domain
[2025-05-21T00:00:52.805+0000] {logging_mixin.py:188} INFO - [INFO] Created table: BITCOIN_METADATA
[2025-05-21T00:00:53.627+0000] {logging_mixin.py:188} INFO - [SUCCESS] Loaded 1 rows into BITCOIN_METADATA
[2025-05-21T00:00:53.740+0000] {logging_mixin.py:188} INFO - [INFO] Loading /opt/***/data/raw/ethereum_market_chart.csv to table: ETHEREUM_MARKET_CHART
[2025-05-21T00:00:53.741+0000] {connection.py:486} INFO - Snowflake Connector for Python Version: 3.15.0, Python Version: 3.9.18, Platform: Linux-6.10.14-linuxkit-aarch64-with-glibc2.36
[2025-05-21T00:00:53.741+0000] {connection.py:1391} INFO - Connecting to GLOBAL Snowflake domain
[2025-05-21T00:00:54.188+0000] {logging_mixin.py:188} INFO - [INFO] Created table: ETHEREUM_MARKET_CHART
[2025-05-21T00:06:37.065+0000] {logging_mixin.py:188} INFO - [SUCCESS] Loaded 720 rows into ETHEREUM_MARKET_CHART
[2025-05-21T00:06:37.187+0000] {logging_mixin.py:188} INFO - [INFO] Loading /opt/***/data/raw/solana_market_chart.csv to table: SOLANA_MARKET_CHART
[2025-05-21T00:06:37.189+0000] {connection.py:486} INFO - Snowflake Connector for Python Version: 3.15.0, Python Version: 3.9.18, Platform: Linux-6.10.14-linuxkit-aarch64-with-glibc2.36
[2025-05-21T00:06:37.190+0000] {connection.py:1391} INFO - Connecting to GLOBAL Snowflake domain
[2025-05-21T00:06:38.035+0000] {logging_mixin.py:188} INFO - [INFO] Created table: SOLANA_MARKET_CHART
[2025-05-21T00:11:49.429+0000] {logging_mixin.py:188} INFO - [SUCCESS] Loaded 720 rows into SOLANA_MARKET_CHART
[2025-05-21T00:11:49.576+0000] {logging_mixin.py:188} INFO - [INFO] Loading /opt/***/data/raw/solana_metadata.csv to table: SOLANA_METADATA
[2025-05-21T00:11:49.578+0000] {connection.py:486} INFO - Snowflake Connector for Python Version: 3.15.0, Python Version: 3.9.18, Platform: Linux-6.10.14-linuxkit-aarch64-with-glibc2.36
[2025-05-21T00:11:49.580+0000] {connection.py:1391} INFO - Connecting to GLOBAL Snowflake domain
[2025-05-21T00:11:50.405+0000] {logging_mixin.py:188} INFO - [INFO] Created table: SOLANA_METADATA
[2025-05-21T00:11:50.863+0000] {logging_mixin.py:188} INFO - [SUCCESS] Loaded 1 rows into SOLANA_METADATA
[2025-05-21T00:11:51.008+0000] {logging_mixin.py:188} INFO - [INFO] Loading /opt/***/data/raw/bitcoin_market_chart.csv to table: BITCOIN_MARKET_CHART
[2025-05-21T00:11:51.011+0000] {connection.py:486} INFO - Snowflake Connector for Python Version: 3.15.0, Python Version: 3.9.18, Platform: Linux-6.10.14-linuxkit-aarch64-with-glibc2.36
[2025-05-21T00:11:51.012+0000] {connection.py:1391} INFO - Connecting to GLOBAL Snowflake domain
[2025-05-21T00:11:51.885+0000] {logging_mixin.py:188} INFO - [INFO] Created table: BITCOIN_MARKET_CHART
[2025-05-21T00:17:03.529+0000] {logging_mixin.py:188} INFO - [SUCCESS] Loaded 720 rows into BITCOIN_MARKET_CHART
[2025-05-21T00:17:03.671+0000] {logging_mixin.py:188} INFO - [INFO] Data loading completed.
[2025-05-21T00:17:03.675+0000] {python.py:201} INFO - Done. Returned value was: None
[2025-05-21T00:17:03.731+0000] {taskinstance.py:1138} INFO - Marking task as SUCCESS. dag_id=crypto_elt_pipeline, task_id=load_to_snowflake, execution_date=20250520T000000, start_date=20250521T000018, end_date=20250521T001703
[2025-05-21T00:17:03.790+0000] {local_task_job_runner.py:234} INFO - Task exited with return code 0
[2025-05-21T00:17:03.849+0000] {taskinstance.py:3280} INFO - 1 downstream tasks scheduled from follow-on schedule check
