[2025-05-21T00:00:02.606+0000] {taskinstance.py:1956} INFO - Dependencies all met for dep_context=non-requeueable deps ti=<TaskInstance: crypto_elt_pipeline.extract_crypto_data scheduled__2025-05-20T00:00:00+00:00 [queued]>
[2025-05-21T00:00:02.610+0000] {taskinstance.py:1956} INFO - Dependencies all met for dep_context=requeueable deps ti=<TaskInstance: crypto_elt_pipeline.extract_crypto_data scheduled__2025-05-20T00:00:00+00:00 [queued]>
[2025-05-21T00:00:02.610+0000] {taskinstance.py:2170} INFO - Starting attempt 1 of 2
[2025-05-21T00:00:02.620+0000] {taskinstance.py:2191} INFO - Executing <Task(PythonOperator): extract_crypto_data> on 2025-05-20 00:00:00+00:00
[2025-05-21T00:00:02.637+0000] {standard_task_runner.py:60} INFO - Started process 1484 to run task
[2025-05-21T00:00:02.646+0000] {standard_task_runner.py:87} INFO - Running: ['***', 'tasks', 'run', 'crypto_elt_pipeline', 'extract_crypto_data', 'scheduled__2025-05-20T00:00:00+00:00', '--job-id', '17', '--raw', '--subdir', 'DAGS_FOLDER/elt_dag.py', '--cfg-path', '/tmp/tmpvzbsghi4']
[2025-05-21T00:00:02.654+0000] {standard_task_runner.py:88} INFO - Job 17: Subtask extract_crypto_data
[2025-05-21T00:00:02.779+0000] {logging_mixin.py:188} WARNING - /home/***/.local/lib/python3.9/site-packages/***/settings.py:194 DeprecationWarning: The sql_alchemy_conn option in [core] has been moved to the sql_alchemy_conn option in [database] - the old setting has been used, but please update your config.
[2025-05-21T00:00:03.479+0000] {task_command.py:423} INFO - Running <TaskInstance: crypto_elt_pipeline.extract_crypto_data scheduled__2025-05-20T00:00:00+00:00 [running]> on host b9c6fcf0006f
[2025-05-21T00:00:03.759+0000] {taskinstance.py:2480} INFO - Exporting env vars: AIRFLOW_CTX_DAG_OWNER='deepak' AIRFLOW_CTX_DAG_ID='crypto_elt_pipeline' AIRFLOW_CTX_TASK_ID='extract_crypto_data' AIRFLOW_CTX_EXECUTION_DATE='2025-05-20T00:00:00+00:00' AIRFLOW_CTX_TRY_NUMBER='1' AIRFLOW_CTX_DAG_RUN_ID='scheduled__2025-05-20T00:00:00+00:00'
[2025-05-21T00:00:03.762+0000] {logging_mixin.py:188} INFO - [INFO] Starting complex CoinGecko extraction...
[2025-05-21T00:00:04.245+0000] {logging_mixin.py:188} INFO - [SUCCESS] Saved historical data for: bitcoin
[2025-05-21T00:00:06.395+0000] {logging_mixin.py:188} INFO - [SUCCESS] Saved metadata for: bitcoin
[2025-05-21T00:00:08.561+0000] {logging_mixin.py:188} INFO - [SUCCESS] Saved historical data for: ethereum
[2025-05-21T00:00:10.698+0000] {logging_mixin.py:188} INFO - [SUCCESS] Saved metadata for: ethereum
[2025-05-21T00:00:12.853+0000] {logging_mixin.py:188} INFO - [SUCCESS] Saved historical data for: solana
[2025-05-21T00:00:14.961+0000] {logging_mixin.py:188} INFO - [SUCCESS] Saved metadata for: solana
[2025-05-21T00:00:17.055+0000] {logging_mixin.py:188} INFO - [ERROR] 'prices' key not found in response for ripple
[2025-05-21T00:00:17.057+0000] {logging_mixin.py:188} INFO - {
  "status": {
    "error_code": 429,
    "error_message": "You've exceeded the Rate Limit. Please visit https://www.coingecko.com/en/api/pricing to subscribe to our API plans for higher rate limits."
  }
}
[2025-05-21T00:00:17.057+0000] {logging_mixin.py:188} INFO - [WARNING] Skipping ripple due to error: "[ERROR] API response missing 'prices' for ripple"
[2025-05-21T00:00:17.120+0000] {logging_mixin.py:188} INFO - [ERROR] 'prices' key not found in response for cardano
[2025-05-21T00:00:17.121+0000] {logging_mixin.py:188} INFO - {
  "status": {
    "error_code": 429,
    "error_message": "You've exceeded the Rate Limit. Please visit https://www.coingecko.com/en/api/pricing to subscribe to our API plans for higher rate limits."
  }
}
[2025-05-21T00:00:17.121+0000] {logging_mixin.py:188} INFO - [WARNING] Skipping cardano due to error: "[ERROR] API response missing 'prices' for cardano"
[2025-05-21T00:00:17.186+0000] {logging_mixin.py:188} INFO - [ERROR] Global stats 'data' key missing. Full response:
[2025-05-21T00:00:17.186+0000] {logging_mixin.py:188} INFO - {
  "status": {
    "error_code": 429,
    "error_message": "You've exceeded the Rate Limit. Please visit https://www.coingecko.com/en/api/pricing to subscribe to our API plans for higher rate limits."
  }
}
[2025-05-21T00:00:17.187+0000] {logging_mixin.py:188} INFO - [INFO] CoinGecko extraction completed.
[2025-05-21T00:00:17.188+0000] {python.py:201} INFO - Done. Returned value was: None
[2025-05-21T00:00:17.265+0000] {taskinstance.py:1138} INFO - Marking task as SUCCESS. dag_id=crypto_elt_pipeline, task_id=extract_crypto_data, execution_date=20250520T000000, start_date=20250521T000002, end_date=20250521T000017
[2025-05-21T00:00:17.351+0000] {local_task_job_runner.py:234} INFO - Task exited with return code 0
[2025-05-21T00:00:17.386+0000] {taskinstance.py:3280} INFO - 0 downstream tasks scheduled from follow-on schedule check
