[2025-05-21T00:17:04.636+0000] {taskinstance.py:1956} INFO - Dependencies all met for dep_context=non-requeueable deps ti=<TaskInstance: crypto_elt_pipeline.run_dbt_models scheduled__2025-05-20T00:00:00+00:00 [queued]>
[2025-05-21T00:17:04.639+0000] {taskinstance.py:1956} INFO - Dependencies all met for dep_context=requeueable deps ti=<TaskInstance: crypto_elt_pipeline.run_dbt_models scheduled__2025-05-20T00:00:00+00:00 [queued]>
[2025-05-21T00:17:04.639+0000] {taskinstance.py:2170} INFO - Starting attempt 1 of 2
[2025-05-21T00:17:04.647+0000] {taskinstance.py:2191} INFO - Executing <Task(BashOperator): run_dbt_models> on 2025-05-20 00:00:00+00:00
[2025-05-21T00:17:04.650+0000] {standard_task_runner.py:60} INFO - Started process 1723 to run task
[2025-05-21T00:17:04.652+0000] {standard_task_runner.py:87} INFO - Running: ['***', 'tasks', 'run', 'crypto_elt_pipeline', 'run_dbt_models', 'scheduled__2025-05-20T00:00:00+00:00', '--job-id', '19', '--raw', '--subdir', 'DAGS_FOLDER/elt_dag.py', '--cfg-path', '/tmp/tmpqozcq094']
[2025-05-21T00:17:04.654+0000] {standard_task_runner.py:88} INFO - Job 19: Subtask run_dbt_models
[2025-05-21T00:17:04.669+0000] {logging_mixin.py:188} WARNING - /home/***/.local/lib/python3.9/site-packages/***/settings.py:194 DeprecationWarning: The sql_alchemy_conn option in [core] has been moved to the sql_alchemy_conn option in [database] - the old setting has been used, but please update your config.
[2025-05-21T00:17:04.706+0000] {task_command.py:423} INFO - Running <TaskInstance: crypto_elt_pipeline.run_dbt_models scheduled__2025-05-20T00:00:00+00:00 [running]> on host b9c6fcf0006f
[2025-05-21T00:17:04.766+0000] {taskinstance.py:2480} INFO - Exporting env vars: AIRFLOW_CTX_DAG_OWNER='deepak' AIRFLOW_CTX_DAG_ID='crypto_elt_pipeline' AIRFLOW_CTX_TASK_ID='run_dbt_models' AIRFLOW_CTX_EXECUTION_DATE='2025-05-20T00:00:00+00:00' AIRFLOW_CTX_TRY_NUMBER='1' AIRFLOW_CTX_DAG_RUN_ID='scheduled__2025-05-20T00:00:00+00:00'
[2025-05-21T00:17:04.767+0000] {subprocess.py:63} INFO - Tmp dir root location: /tmp
[2025-05-21T00:17:04.770+0000] {subprocess.py:75} INFO - Running command: ['/usr/bin/bash', '-c', 'cd /opt/***/dbt_project && dbt run']
[2025-05-21T00:17:04.777+0000] {subprocess.py:86} INFO - Output:
[2025-05-21T00:17:06.177+0000] {subprocess.py:93} INFO - [0m00:17:06  Running with dbt=1.9.4
[2025-05-21T00:17:06.831+0000] {subprocess.py:93} INFO - [0m00:17:06  Registered adapter: snowflake=1.9.4
[2025-05-21T00:17:07.112+0000] {subprocess.py:93} INFO - [0m00:17:07  Found 5 models, 3 sources, 476 macros
[2025-05-21T00:17:07.114+0000] {subprocess.py:93} INFO - [0m00:17:07
[2025-05-21T00:17:07.115+0000] {subprocess.py:93} INFO - [0m00:17:07  Concurrency: 1 threads (target='dev')
[2025-05-21T00:17:07.115+0000] {subprocess.py:93} INFO - [0m00:17:07
[2025-05-21T00:17:08.273+0000] {subprocess.py:93} INFO - [0m00:17:08  1 of 5 START sql view model RAW.solana ......................................... [RUN]
[2025-05-21T00:17:08.566+0000] {subprocess.py:93} INFO - [0m00:17:08  1 of 5 OK created sql view model RAW.solana .................................... [[32mSUCCESS 1[0m in 0.29s]
[2025-05-21T00:17:08.568+0000] {subprocess.py:93} INFO - [0m00:17:08  2 of 5 START sql view model RAW.stg ............................................ [RUN]
[2025-05-21T00:17:08.790+0000] {subprocess.py:93} INFO - [0m00:17:08  2 of 5 OK created sql view model RAW.stg ....................................... [[32mSUCCESS 1[0m in 0.22s]
[2025-05-21T00:17:08.793+0000] {subprocess.py:93} INFO - [0m00:17:08  3 of 5 START sql view model RAW.stg_crypto_prices .............................. [RUN]
[2025-05-21T00:17:09.055+0000] {subprocess.py:93} INFO - [0m00:17:09  3 of 5 OK created sql view model RAW.stg_crypto_prices ......................... [[32mSUCCESS 1[0m in 0.26s]
[2025-05-21T00:17:09.061+0000] {subprocess.py:93} INFO - [0m00:17:09  4 of 5 START sql view model RAW.combined ....................................... [RUN]
[2025-05-21T00:17:09.451+0000] {subprocess.py:93} INFO - [0m00:17:09  4 of 5 OK created sql view model RAW.combined .................................. [[32mSUCCESS 1[0m in 0.39s]
[2025-05-21T00:17:09.456+0000] {subprocess.py:93} INFO - [0m00:17:09  5 of 5 START sql view model RAW.datamarts ...................................... [RUN]
[2025-05-21T00:17:09.846+0000] {subprocess.py:93} INFO - [0m00:17:09  5 of 5 OK created sql view model RAW.datamarts ................................. [[32mSUCCESS 1[0m in 0.39s]
[2025-05-21T00:17:09.963+0000] {subprocess.py:93} INFO - [0m00:17:09
[2025-05-21T00:17:09.965+0000] {subprocess.py:93} INFO - [0m00:17:09  Finished running 5 view models in 0 hours 0 minutes and 2.85 seconds (2.85s).
[2025-05-21T00:17:10.211+0000] {subprocess.py:93} INFO - [0m00:17:10
[2025-05-21T00:17:10.214+0000] {subprocess.py:93} INFO - [0m00:17:10  [32mCompleted successfully[0m
[2025-05-21T00:17:10.214+0000] {subprocess.py:93} INFO - [0m00:17:10
[2025-05-21T00:17:10.215+0000] {subprocess.py:93} INFO - [0m00:17:10  Done. PASS=5 WARN=0 ERROR=0 SKIP=0 TOTAL=5
[2025-05-21T00:17:10.836+0000] {subprocess.py:97} INFO - Command exited with return code 0
[2025-05-21T00:17:10.876+0000] {taskinstance.py:1138} INFO - Marking task as SUCCESS. dag_id=crypto_elt_pipeline, task_id=run_dbt_models, execution_date=20250520T000000, start_date=20250521T001704, end_date=20250521T001710
[2025-05-21T00:17:10.928+0000] {local_task_job_runner.py:234} INFO - Task exited with return code 0
[2025-05-21T00:17:10.948+0000] {taskinstance.py:3280} INFO - 0 downstream tasks scheduled from follow-on schedule check
